<?xml version="1.0" encoding="UTF-8"?>
<!-- Generated by org.testng.reporters.JUnitReportReporter -->
<testsuite hostname="jyothikrishnans-MacBook-Pro.local" name="com.api.utils.TestRunner$CucumberRunner" tests="1" failures="0" timestamp="13 Sep 2017 19:18:54 GMT" time="4.315" errors="0">
  <testcase name="feature" time="4.315" classname="com.api.utils.TestRunner$CucumberRunner"/>
</testsuite> <!-- com.api.utils.TestRunner$CucumberRunner -->
