<?xml version="1.0" encoding="UTF-8"?>
<!-- Generated by org.testng.reporters.JUnitReportReporter -->
<testsuite hostname="jyothikrishnans-MacBook-Pro.local" name="main.TestRunner$CucumberRunner" tests="1" failures="0" timestamp="13 Sep 2017 06:07:01 GMT" time="4.034" errors="0">
  <testcase name="feature" time="4.034" classname="main.TestRunner$CucumberRunner"/>
</testsuite> <!-- main.TestRunner$CucumberRunner -->
